2025-06-03T09:40:09.863+05:30  INFO 25904 --- [api-gateway] [restartedMain] c.D.api_gateway.ApiGatewayApplication    : Starting ApiGatewayApplication using Java 22.0.1 with PID 25904 (C:\Users\LENOVO\OneDrive\Desktop\DressKlub\DressKlub-Backend\api-gateway\target\classes started by LENOVO in C:\Users\LENOVO\OneDrive\Desktop\DressKlub\DressKlub-Backend\api-gateway)
2025-06-03T09:40:09.878+05:30 DEBUG 25904 --- [api-gateway] [restartedMain] c.D.api_gateway.ApiGatewayApplication    : Running with Spring Boot v3.4.3, Spring v6.2.3
2025-06-03T09:40:09.880+05:30  INFO 25904 --- [api-gateway] [restartedMain] c.D.api_gateway.ApiGatewayApplication    : No active profile set, falling back to 1 default profile: "default"
2025-06-03T09:40:09.971+05:30  INFO 25904 --- [api-gateway] [restartedMain] .e.DevToolsPropertyDefaultsPostProcessor : Devtools property defaults active! Set 'spring.devtools.add-properties' to 'false' to disable
2025-06-03T09:40:09.972+05:30  INFO 25904 --- [api-gateway] [restartedMain] .e.DevToolsPropertyDefaultsPostProcessor : For additional web related logging consider setting the 'logging.level.web' property to 'DEBUG'
2025-06-03T09:40:12.391+05:30  INFO 25904 --- [api-gateway] [restartedMain] o.s.cloud.context.scope.GenericScope     : BeanFactory id=fa0e668e-2a95-3177-98c6-6e8875ca6ee2
2025-06-03T09:40:13.478+05:30  INFO 25904 --- [api-gateway] [restartedMain] c.DressKlub.api_gateway.config.JwtUtil   : JWTUtil initialized with secret key from environment.
2025-06-03T09:40:13.702+05:30  INFO 25904 --- [api-gateway] [restartedMain] ctiveUserDetailsServiceAutoConfiguration : 

Using generated security password: 2c595fea-34d0-4381-ba1e-c0c28f097b5a

2025-06-03T09:40:15.227+05:30  INFO 25904 --- [api-gateway] [restartedMain] o.s.c.g.r.RouteDefinitionRouteLocator    : Loaded RoutePredicateFactory [After]
2025-06-03T09:40:15.228+05:30  INFO 25904 --- [api-gateway] [restartedMain] o.s.c.g.r.RouteDefinitionRouteLocator    : Loaded RoutePredicateFactory [Before]
2025-06-03T09:40:15.228+05:30  INFO 25904 --- [api-gateway] [restartedMain] o.s.c.g.r.RouteDefinitionRouteLocator    : Loaded RoutePredicateFactory [Between]
2025-06-03T09:40:15.228+05:30  INFO 25904 --- [api-gateway] [restartedMain] o.s.c.g.r.RouteDefinitionRouteLocator    : Loaded RoutePredicateFactory [Cookie]
2025-06-03T09:40:15.229+05:30  INFO 25904 --- [api-gateway] [restartedMain] o.s.c.g.r.RouteDefinitionRouteLocator    : Loaded RoutePredicateFactory [Header]
2025-06-03T09:40:15.229+05:30  INFO 25904 --- [api-gateway] [restartedMain] o.s.c.g.r.RouteDefinitionRouteLocator    : Loaded RoutePredicateFactory [Host]
2025-06-03T09:40:15.229+05:30  INFO 25904 --- [api-gateway] [restartedMain] o.s.c.g.r.RouteDefinitionRouteLocator    : Loaded RoutePredicateFactory [Method]
2025-06-03T09:40:15.229+05:30  INFO 25904 --- [api-gateway] [restartedMain] o.s.c.g.r.RouteDefinitionRouteLocator    : Loaded RoutePredicateFactory [Path]
2025-06-03T09:40:15.229+05:30  INFO 25904 --- [api-gateway] [restartedMain] o.s.c.g.r.RouteDefinitionRouteLocator    : Loaded RoutePredicateFactory [Query]
2025-06-03T09:40:15.229+05:30  INFO 25904 --- [api-gateway] [restartedMain] o.s.c.g.r.RouteDefinitionRouteLocator    : Loaded RoutePredicateFactory [ReadBody]
2025-06-03T09:40:15.230+05:30  INFO 25904 --- [api-gateway] [restartedMain] o.s.c.g.r.RouteDefinitionRouteLocator    : Loaded RoutePredicateFactory [RemoteAddr]
2025-06-03T09:40:15.230+05:30  INFO 25904 --- [api-gateway] [restartedMain] o.s.c.g.r.RouteDefinitionRouteLocator    : Loaded RoutePredicateFactory [XForwardedRemoteAddr]
2025-06-03T09:40:15.230+05:30  INFO 25904 --- [api-gateway] [restartedMain] o.s.c.g.r.RouteDefinitionRouteLocator    : Loaded RoutePredicateFactory [Weight]
2025-06-03T09:40:15.230+05:30  INFO 25904 --- [api-gateway] [restartedMain] o.s.c.g.r.RouteDefinitionRouteLocator    : Loaded RoutePredicateFactory [CloudFoundryRouteService]
2025-06-03T09:40:15.897+05:30  INFO 25904 --- [api-gateway] [restartedMain] o.s.b.a.e.web.EndpointLinksResolver      : Exposing 19 endpoints beneath base path '/actuator'
2025-06-03T09:40:16.450+05:30  WARN 25904 --- [api-gateway] [restartedMain] o.s.b.d.a.OptionalLiveReloadServer       : Unable to start LiveReload server
2025-06-03T09:40:16.486+05:30  INFO 25904 --- [api-gateway] [restartedMain] DiscoveryClientOptionalArgsConfiguration : Eureka HTTP Client uses RestTemplate.
2025-06-03T09:40:16.573+05:30  WARN 25904 --- [api-gateway] [restartedMain] iguration$LoadBalancerCaffeineWarnLogger : Spring Cloud LoadBalancer is currently working with the default cache. While this cache implementation is useful for development and tests, it's recommended to use Caffeine cache in production.You can switch to using Caffeine cache, by adding it and org.springframework.cache.caffeine.CaffeineCacheManager to the classpath.
2025-06-03T09:40:16.667+05:30  INFO 25904 --- [api-gateway] [restartedMain] o.s.c.n.eureka.InstanceInfoFactory       : Setting initial instance status as: STARTING
2025-06-03T09:40:16.706+05:30  INFO 25904 --- [api-gateway] [restartedMain] com.netflix.discovery.DiscoveryClient    : Initializing Eureka in region us-east-1
2025-06-03T09:40:16.715+05:30  INFO 25904 --- [api-gateway] [restartedMain] c.n.d.s.r.aws.ConfigClusterResolver      : Resolving eureka endpoints via configuration
2025-06-03T09:40:16.728+05:30  INFO 25904 --- [api-gateway] [restartedMain] com.netflix.discovery.DiscoveryClient    : Disable delta property : false
2025-06-03T09:40:16.729+05:30  INFO 25904 --- [api-gateway] [restartedMain] com.netflix.discovery.DiscoveryClient    : Single vip registry refresh property : null
2025-06-03T09:40:16.729+05:30  INFO 25904 --- [api-gateway] [restartedMain] com.netflix.discovery.DiscoveryClient    : Force full registry fetch : false
2025-06-03T09:40:16.729+05:30  INFO 25904 --- [api-gateway] [restartedMain] com.netflix.discovery.DiscoveryClient    : Application is null : false
2025-06-03T09:40:16.729+05:30  INFO 25904 --- [api-gateway] [restartedMain] com.netflix.discovery.DiscoveryClient    : Registered Applications size is zero : true
2025-06-03T09:40:16.729+05:30  INFO 25904 --- [api-gateway] [restartedMain] com.netflix.discovery.DiscoveryClient    : Application version is -1: true
2025-06-03T09:40:16.729+05:30  INFO 25904 --- [api-gateway] [restartedMain] com.netflix.discovery.DiscoveryClient    : Getting all instance registry info from the eureka server
2025-06-03T09:40:17.321+05:30  INFO 25904 --- [api-gateway] [restartedMain] com.netflix.discovery.DiscoveryClient    : The response status is 200
2025-06-03T09:40:17.324+05:30  INFO 25904 --- [api-gateway] [restartedMain] com.netflix.discovery.DiscoveryClient    : Starting heartbeat executor: renew interval is: 30
2025-06-03T09:40:17.327+05:30  INFO 25904 --- [api-gateway] [restartedMain] c.n.discovery.InstanceInfoReplicator     : InstanceInfoReplicator onDemand update allowed rate per min is 4
2025-06-03T09:40:17.330+05:30  INFO 25904 --- [api-gateway] [restartedMain] com.netflix.discovery.DiscoveryClient    : Discovery Client initialized at timestamp 1748923817329 with initial instances count: 1
2025-06-03T09:40:17.342+05:30  INFO 25904 --- [api-gateway] [restartedMain] o.s.c.n.e.s.EurekaServiceRegistry        : Registering application API-GATEWAY with eureka with status UP
2025-06-03T09:40:17.343+05:30  INFO 25904 --- [api-gateway] [restartedMain] com.netflix.discovery.DiscoveryClient    : Saw local status change event StatusChangeEvent [timestamp=1748923817343, current=UP, previous=STARTING]
2025-06-03T09:40:17.346+05:30  INFO 25904 --- [api-gateway] [DiscoveryClient-InstanceInfoReplicator-%d] com.netflix.discovery.DiscoveryClient    : DiscoveryClient_API-GATEWAY/192.168.10.173:api-gateway:8080: registering service...
2025-06-03T09:40:17.409+05:30  INFO 25904 --- [api-gateway] [DiscoveryClient-InstanceInfoReplicator-%d] com.netflix.discovery.DiscoveryClient    : DiscoveryClient_API-GATEWAY/192.168.10.173:api-gateway:8080 - registration status: 204
2025-06-03T09:40:17.615+05:30  INFO 25904 --- [api-gateway] [restartedMain] o.s.b.web.embedded.netty.NettyWebServer  : Netty started on port 8080 (http)
2025-06-03T09:40:17.617+05:30  INFO 25904 --- [api-gateway] [restartedMain] .s.c.n.e.s.EurekaAutoServiceRegistration : Updating port to 8080
2025-06-03T09:40:17.668+05:30  INFO 25904 --- [api-gateway] [restartedMain] c.D.api_gateway.ApiGatewayApplication    : Started ApiGatewayApplication in 8.983 seconds (process running for 10.575)
2025-06-03T09:54:41.832+05:30  INFO 25904 --- [api-gateway] [AsyncResolver-bootstrap-executor-%d] c.n.d.s.r.aws.ConfigClusterResolver      : Resolving eureka endpoints via configuration
2025-06-03T10:00:59.478+05:30  INFO 25904 --- [api-gateway] [AsyncResolver-bootstrap-executor-%d] c.n.d.s.r.aws.ConfigClusterResolver      : Resolving eureka endpoints via configuration
2025-06-03T10:09:58.826+05:30  INFO 25904 --- [api-gateway] [AsyncResolver-bootstrap-executor-%d] c.n.d.s.r.aws.ConfigClusterResolver      : Resolving eureka endpoints via configuration
2025-06-03T10:16:01.524+05:30  INFO 25904 --- [api-gateway] [AsyncResolver-bootstrap-executor-%d] c.n.d.s.r.aws.ConfigClusterResolver      : Resolving eureka endpoints via configuration
2025-06-03T10:21:01.526+05:30  INFO 25904 --- [api-gateway] [AsyncResolver-bootstrap-executor-%d] c.n.d.s.r.aws.ConfigClusterResolver      : Resolving eureka endpoints via configuration
2025-06-03T10:26:01.541+05:30  INFO 25904 --- [api-gateway] [AsyncResolver-bootstrap-executor-%d] c.n.d.s.r.aws.ConfigClusterResolver      : Resolving eureka endpoints via configuration
